2025-09-08 12:09:43,520 [INFO] ==== App start ====
2025-09-08 12:09:43,520 [INFO] Log file: logs\app_20250908-120943.log
2025-09-08 12:09:51,286 [INFO] [SERIAL] [CamB] opened via DSHOW idx=1
2025-09-08 12:09:55,065 [INFO] [SERIAL] [CamA] opened via DSHOW idx=0
2025-09-08 12:09:57,635 [INFO] [SERIAL] <UDC app> Found 7 port(s). Probing with PING…
2025-09-08 12:09:57,636 [INFO] [SERIAL] <UDC app> Probing COM16 | desc='Standard Serial over Bluetooth link (COM16)' loc='None' hwid='BTHENUM\{00001101-0000-1000-8000-00805F9B34FB}_LOCALMFG&0002\7&2064BD9C&0&08EF3B69E9AA_C00000000'
2025-09-08 12:10:02,824 [INFO] [SERIAL] <UDC app> Open/Probe failed on COM16: could not open port 'COM16': OSError(22, 'The semaphore timeout period has expired.', None, 121)
2025-09-08 12:10:02,829 [INFO] [SERIAL] <UDC app> Probing COM19 | desc='Standard Serial over Bluetooth link (COM19)' loc='None' hwid='BTHENUM\{00001101-0000-1000-8000-00805F9B34FB}_LOCALMFG&0002\7&2064BD9C&0&08EF3B69E9AA_C00000001'
2025-09-08 12:10:07,954 [INFO] [SERIAL] <UDC app> Open/Probe failed on COM19: could not open port 'COM19': OSError(22, 'The semaphore timeout period has expired.', None, 121)
2025-09-08 12:10:07,955 [INFO] [SERIAL] <UDC app> Probing COM24 | desc='Standard Serial over Bluetooth link (COM24)' loc='None' hwid='BTHENUM\{00001101-0000-1000-8000-00805F9B34FB}_LOCALMFG&0002\7&2064BD9C&0&08EF3B69E9AA_C00000002'
2025-09-08 12:10:13,078 [INFO] [SERIAL] <UDC app> Open/Probe failed on COM24: could not open port 'COM24': OSError(22, 'The semaphore timeout period has expired.', None, 121)
2025-09-08 12:10:13,078 [INFO] [SERIAL] <UDC app> Probing COM23 | desc='Standard Serial over Bluetooth link (COM23)' loc='None' hwid='BTHENUM\{00001101-0000-1000-8000-00805F9B34FB}_LOCALMFG&0000\7&2064BD9C&0&000000000000_00000000'
2025-09-08 12:10:15,531 [INFO] [SERIAL] <UDC app> Open/Probe failed on COM23: Write timeout
2025-09-08 12:10:15,533 [INFO] [SERIAL] <UDC app> Probing COM17 | desc='Standard Serial over Bluetooth link (COM17)' loc='None' hwid='BTHENUM\{00001101-0000-1000-8000-00805F9B34FB}_LOCALMFG&0000\7&2064BD9C&0&000000000000_00000001'
2025-09-08 12:10:17,984 [INFO] [SERIAL] <UDC app> Open/Probe failed on COM17: Write timeout
2025-09-08 12:10:17,986 [INFO] [SERIAL] <UDC app> Probing COM18 | desc='Standard Serial over Bluetooth link (COM18)' loc='None' hwid='BTHENUM\{00001101-0000-1000-8000-00805F9B34FB}_LOCALMFG&0000\7&2064BD9C&0&000000000000_00000002'
2025-09-08 12:10:20,435 [INFO] [SERIAL] <UDC app> Open/Probe failed on COM18: Write timeout
2025-09-08 12:10:20,439 [INFO] [SERIAL] <UDC app> Probing COM3 | desc='Arduino Uno (COM3)' loc='1-3.1.4' hwid='USB VID:PID=2341:0043 SER=342393135353517120A1 LOCATION=1-3.1.4'
2025-09-08 12:10:22,524 [INFO] [SERIAL] <UDC app> Selected COM3 — PONG RFBOX FW v1.0.0 (Sep  8 2025 11:38:13) [V&V RF_Box num 6] scan
2025-09-08 12:10:22,536 [INFO] [SERIAL] [SCAN] Scan complete. Best: COM3
2025-09-08 12:10:24,612 [INFO] [SERIAL] <UDC app> Serial monitor started on COM3
2025-09-08 12:10:44,223 [INFO] [SERIAL] <serial monitor> Capsule: 45	LD: 45
2025-09-08 12:11:04,257 [INFO] [SERIAL] <serial monitor> Capsule: 45	LD: 45
2025-09-08 12:11:24,285 [INFO] [SERIAL] <serial monitor> Capsule: 45	LD: 45
2025-09-08 12:11:44,319 [INFO] [SERIAL] <serial monitor> Capsule: 45	LD: 45
2025-09-08 12:12:04,353 [INFO] [SERIAL] <serial monitor> Capsule: 45	LD: 45
2025-09-08 12:12:24,380 [INFO] [SERIAL] <serial monitor> Capsule: 45	LD: 45
2025-09-08 12:12:44,415 [INFO] [SERIAL] <serial monitor> Capsule: 45	LD: 45
2025-09-08 12:13:04,444 [INFO] [SERIAL] <serial monitor> Capsule: 45	LD: 45
