2025-09-08 15:19:44,943 [INFO] ==== App start ====
2025-09-08 15:19:44,943 [INFO] Log file: logs\app_20250908-151944.log
2025-09-08 15:19:47,156 [INFO] [SERIAL] <UDC app> ADU connected (product_id=218)
2025-09-08 15:19:47,158 [INFO] [SERIAL] <UDC app> ADU connected
2025-09-08 15:19:51,920 [INFO] [SERIAL] <UDC app> Scanning ports…
2025-09-08 15:19:51,935 [INFO] [SERIAL] <UDC app> Found 8 port(s). Probing with PING…
2025-09-08 15:19:51,935 [INFO] [SERIAL] <UDC app> Probing COM6 | desc='Arduino Uno (COM6)' loc='1-3.1.4' hwid='USB VID:PID=2341:0043 SER=342393135353517120A1 LOCATION=1-3.1.4'
2025-09-08 15:19:54,029 [INFO] [SERIAL] <UDC app> Selected COM6 — PONG RFBOX FW v1.0.0 (Sep  8 2025 11:38:13) [V&V RF_Box num 6] scan
2025-09-08 15:19:54,049 [INFO] [SERIAL] [SCAN] Scan complete. Best: COM6
2025-09-08 15:19:56,052 [INFO] [SERIAL] <UDC app> Scan: best=COM6 | ports=COM6, COM16, COM17, COM18, COM19, COM23, COM24, COM3
2025-09-08 15:19:56,052 [INFO] [SERIAL] <UDC app> Auto-connect -> COM6
2025-09-08 15:19:56,103 [INFO] [SERIAL] <UDC app> Serial monitor started on COM6
2025-09-08 15:19:56,104 [INFO] [SERIAL] <UDC app> Connect COM6 -> OK
2025-09-08 15:19:59,841 [INFO] [SERIAL] <UDC app> → C_OFF
2025-09-08 15:19:59,865 [INFO] [SERIAL] <serial monitor> Received command: C_OFF
2025-09-08 15:20:00,781 [INFO] [SERIAL] <serial monitor> Capsule Servo moved to minAngle
2025-09-08 15:20:07,408 [INFO] [SERIAL] <ADU> TX RK3 -> OK
2025-09-08 15:20:07,411 [INFO] [SERIAL] <UDC app> [ADU] USB_OFF -> OK
2025-09-08 15:20:10,449 [INFO] [SERIAL] <ADU> TX RK1 -> OK
2025-09-08 15:20:10,450 [INFO] [SERIAL] <UDC app> [ADU] LIGHT_OFF -> OK
2025-09-08 15:20:12,139 [INFO] [SERIAL] <ADU> TX SK1 -> OK
2025-09-08 15:20:12,139 [INFO] [SERIAL] <UDC app> [ADU] LIGHT_ON -> OK
2025-09-08 15:20:13,279 [INFO] [SERIAL] <ADU> TX RK1 -> OK
2025-09-08 15:20:13,281 [INFO] [SERIAL] <UDC app> [ADU] LIGHT_OFF -> OK
2025-09-08 15:20:14,468 [INFO] [SERIAL] <ADU> TX SK3 -> OK
2025-09-08 15:20:14,472 [INFO] [SERIAL] <UDC app> [ADU] USB_ON -> OK
2025-09-08 15:20:15,738 [INFO] [SERIAL] <serial monitor> Capsule: 0	LD: 45
2025-09-08 15:20:16,467 [INFO] [SERIAL] <ADU> TX RK3 -> OK
2025-09-08 15:20:16,474 [INFO] [SERIAL] <UDC app> [ADU] USB_OFF -> OK
2025-09-08 15:20:20,149 [INFO] [SERIAL] <UDC app> → LD_OFF
2025-09-08 15:20:20,181 [INFO] [SERIAL] <serial monitor> Received command: LD_OFF
2025-09-08 15:20:20,222 [INFO] [SERIAL] <serial monitor> Link Device Servo moved to maxAngle
2025-09-08 15:20:21,611 [INFO] [SERIAL] <UDC app> → LD_ON
2025-09-08 15:20:21,643 [INFO] [SERIAL] <serial monitor> Received command: LD_ON
2025-09-08 15:20:22,548 [INFO] [SERIAL] <serial monitor> Link Device Servo moved to minAngle
2025-09-08 15:20:33,654 [INFO] [SERIAL] <UDC app> → M_ON_C
2025-09-08 15:20:33,683 [INFO] [SERIAL] <serial monitor> Received command: M_ON_C
2025-09-08 15:20:33,731 [INFO] [SERIAL] <serial monitor> Constant movement. step delay=20 mSec.
2025-09-08 15:20:34,812 [INFO] [SERIAL] <UDC app> → C_ON
2025-09-08 15:20:34,855 [INFO] [SERIAL] <serial monitor> Received command: M_ON_CC_ON
2025-09-08 15:20:34,872 [INFO] [SERIAL] <serial monitor> Unknown command
2025-09-08 15:20:38,453 [INFO] [SERIAL] <UDC app> → C_ON
2025-09-08 15:20:38,481 [INFO] [SERIAL] <serial monitor> Received command: C_ON
2025-09-08 15:20:39,382 [INFO] [SERIAL] <serial monitor> Capsule Servo moved to maxAngle
2025-09-08 15:20:43,375 [INFO] [SERIAL] <UDC app> → RESET
2025-09-08 15:20:43,422 [INFO] [SERIAL] <serial monitor> Received command: RESET
2025-09-08 15:20:43,436 [INFO] [SERIAL] <serial monitor> Resetting Arduino...
2025-09-08 15:20:43,596 [INFO] [SERIAL] <serial monitor> Starting System...
2025-09-08 15:20:43,679 [INFO] [SERIAL] <serial monitor> Code Version: FW v1.0.0 (Sep  8 2025 11:38:13) [V&V RF_Box num 6]
2025-09-08 15:20:43,698 [INFO] [SERIAL] <serial monitor> Servos attached
2025-09-08 15:20:43,737 [INFO] [SERIAL] <serial monitor> Stepper motor NOT started by default
2025-09-08 15:20:50,134 [INFO] [SERIAL] <UDC app> → C_OFF
2025-09-08 15:20:50,165 [INFO] [SERIAL] <serial monitor> Received command: C_OFF
2025-09-08 15:20:51,076 [INFO] [SERIAL] <serial monitor> Capsule Servo moved to minAngle
2025-09-08 15:20:52,082 [INFO] [SERIAL] <UDC app> → LD_OFF
2025-09-08 15:20:52,117 [INFO] [SERIAL] <serial monitor> Received command: LD_OFF
2025-09-08 15:20:53,037 [INFO] [SERIAL] <serial monitor> Link Device Servo moved to maxAngle
2025-09-08 15:20:56,024 [INFO] [SERIAL] <UDC app> → M_OFF
2025-09-08 15:20:56,049 [INFO] [SERIAL] <serial monitor> Received command: M_OFF
2025-09-08 15:20:56,081 [INFO] [SERIAL] <serial monitor> Stepper motor stopped
2025-09-08 15:20:59,417 [INFO] [SERIAL] <UDC app> → VER
2025-09-08 15:20:59,448 [INFO] [SERIAL] <serial monitor> Received command: VER
2025-09-08 15:20:59,516 [INFO] [SERIAL] <serial monitor> Code Version: FW v1.0.0 (Sep  8 2025 11:38:13) [V&V RF_Box num 6]
2025-09-08 15:21:03,638 [INFO] [SERIAL] <serial monitor> Capsule: 0	LD: 45
2025-09-08 15:21:05,274 [INFO] [SERIAL] <UDC app> ADU disconnected.
2025-09-08 15:21:05,276 [INFO] [SERIAL] <UDC app> ADU disconnected
2025-09-08 15:21:07,577 [INFO] [SERIAL] <UDC app> Disconnected
