2025-09-08 14:35:28,522 [INFO] ==== App start ====
2025-09-08 14:35:28,522 [INFO] Log file: logs\app_20250908-143528.log
2025-09-08 14:35:33,513 [INFO] [SERIAL] <UDC app> Loaded ADU DLL: adu/ontrak\AduHid64.dll
2025-09-08 14:35:33,514 [INFO] [SERIAL] <UDC app> ADU connect failed (product_id=21321)
2025-09-08 14:35:33,516 [INFO] [SERIAL] <UDC app> ADU connect failed
2025-09-08 14:35:35,226 [INFO] [SERIAL] <UDC app> ADU disconnected
2025-09-08 14:36:11,700 [INFO] [SERIAL] <UDC app> Scanning ports…
2025-09-08 14:36:11,712 [INFO] [SERIAL] <UDC app> Found 8 port(s). Probing with PING…
2025-09-08 14:36:11,722 [INFO] [SERIAL] <UDC app> Probing COM6 | desc='Arduino Uno (COM6)' loc='1-3.1.4' hwid='USB VID:PID=2341:0043 SER=342393135353517120A1 LOCATION=1-3.1.4'
2025-09-08 14:36:13,800 [INFO] [SERIAL] <UDC app> Selected COM6 — PONG RFBOX FW v1.0.0 (Sep  8 2025 11:38:13) [V&V RF_Box num 6] scan
2025-09-08 14:36:13,815 [INFO] [SERIAL] [SCAN] Scan complete. Best: COM6
2025-09-08 14:36:13,817 [INFO] [SERIAL] <UDC app> Scan: best=COM6 | ports=COM6, COM16, COM17, COM18, COM19, COM23, COM24, COM3
2025-09-08 14:36:36,078 [INFO] [SERIAL] <UDC app> Serial monitor started on COM6
2025-09-08 14:36:36,078 [INFO] [SERIAL] <UDC app> Connect COM6 -> OK
2025-09-08 14:36:55,718 [INFO] [SERIAL] <serial monitor> Capsule: 0	LD: 45
2025-09-08 14:37:15,751 [INFO] [SERIAL] <serial monitor> Capsule: 0	LD: 45
2025-09-08 14:37:19,738 [INFO] [SERIAL] [CamB] opened via DSHOW idx=1
2025-09-08 14:37:22,566 [INFO] [SERIAL] [CamA] opened via DSHOW idx=0
2025-09-08 14:37:26,827 [INFO] [SERIAL] [CamA] opened via DSHOW idx=0
2025-09-08 14:37:28,512 [INFO] [SERIAL] <UDC app> → LD_ON
2025-09-08 14:37:28,547 [INFO] [SERIAL] <serial monitor> Received command: LD_ON
2025-09-08 14:37:29,465 [INFO] [SERIAL] <serial monitor> Link Device Servo moved to minAngle
2025-09-08 14:37:30,086 [INFO] [SERIAL] <UDC app> → C_ON
2025-09-08 14:37:30,118 [INFO] [SERIAL] <serial monitor> Received command: C_ON
2025-09-08 14:37:31,034 [INFO] [SERIAL] <serial monitor> Capsule Servo moved to maxAngle
2025-09-08 14:37:33,315 [INFO] [SERIAL] <UDC app> → M_ON_C
2025-09-08 14:37:33,355 [INFO] [SERIAL] <serial monitor> Received command: M_ON_C
2025-09-08 14:37:33,392 [INFO] [SERIAL] <serial monitor> Constant movement. step delay=20 mSec.
2025-09-08 14:37:34,959 [INFO] [SERIAL] <UDC app> → LD_OFF
2025-09-08 14:37:35,006 [INFO] [SERIAL] <serial monitor> Received command: M_ON_CLD_OFF
2025-09-08 14:37:35,023 [INFO] [SERIAL] <serial monitor> Unknown command
2025-09-08 14:37:40,406 [INFO] [SERIAL] <UDC app> → LD_OFF
2025-09-08 14:37:40,457 [INFO] [SERIAL] <serial monitor> Received command: LD_OFF
2025-09-08 14:37:41,372 [INFO] [SERIAL] <serial monitor> Link Device Servo moved to maxAngle
2025-09-08 14:37:43,399 [INFO] [SERIAL] <serial monitor> <M_ON_C> Elapsed time: 10 seconds.
2025-09-08 14:37:45,799 [INFO] [SERIAL] <UDC app> → LD_ON
2025-09-08 14:37:45,837 [INFO] [SERIAL] <serial monitor> Received command: LD_ON
2025-09-08 14:37:46,752 [INFO] [SERIAL] <serial monitor> Link Device Servo moved to minAngle
2025-09-08 14:37:50,576 [INFO] [SERIAL] <UDC app> → LD_OFF
2025-09-08 14:37:50,615 [INFO] [SERIAL] <serial monitor> Received command: LD_OFF
2025-09-08 14:37:51,530 [INFO] [SERIAL] <serial monitor> Link Device Servo moved to maxAngle
2025-09-08 14:37:53,417 [INFO] [SERIAL] <serial monitor> <M_ON_C> Elapsed time: 20 seconds.
2025-09-08 14:37:54,751 [INFO] [SERIAL] <UDC app> → C_OFF
2025-09-08 14:37:54,792 [INFO] [SERIAL] <serial monitor> Received command: C_OFF
2025-09-08 14:37:55,702 [INFO] [SERIAL] <serial monitor> Capsule Servo moved to minAngle
2025-09-08 14:37:56,907 [INFO] [SERIAL] <UDC app> → C_ON
2025-09-08 14:37:56,955 [INFO] [SERIAL] <serial monitor> Received command: C_ON
2025-09-08 14:37:57,873 [INFO] [SERIAL] <serial monitor> Capsule Servo moved to maxAngle
2025-09-08 14:38:03,431 [INFO] [SERIAL] <serial monitor> <M_ON_C> Elapsed time: 30 seconds.
2025-09-08 14:38:13,467 [INFO] [SERIAL] <serial monitor> <M_ON_C> Elapsed time: 40 seconds.
2025-09-08 14:38:23,501 [INFO] [SERIAL] <serial monitor> <M_ON_C> Elapsed time: 50 seconds.
2025-09-08 14:38:23,583 [INFO] [SERIAL] <UDC app> → C_OFF
2025-09-08 14:38:23,634 [INFO] [SERIAL] <serial monitor> Received command: C_OFF
2025-09-08 14:38:24,540 [INFO] [SERIAL] <serial monitor> Capsule Servo moved to minAngle
2025-09-08 14:38:26,134 [INFO] [SERIAL] <UDC app> → C_ON
2025-09-08 14:38:26,179 [INFO] [SERIAL] <serial monitor> Received command: C_ON
2025-09-08 14:38:27,096 [INFO] [SERIAL] <serial monitor> Capsule Servo moved to maxAngle
2025-09-08 14:38:33,519 [INFO] [SERIAL] <serial monitor> <M_ON_C> Elapsed time: 60 seconds.
2025-09-08 14:38:37,712 [INFO] [SERIAL] <UDC app> → VER
2025-09-08 14:38:37,759 [INFO] [SERIAL] <serial monitor> Received command: VER
2025-09-08 14:38:37,832 [INFO] [SERIAL] <serial monitor> Code Version: FW v1.0.0 (Sep  8 2025 11:38:13) [V&V RF_Box num 6]
2025-09-08 14:38:40,002 [INFO] [SERIAL] <UDC app> ADU connect failed (product_id=21321)
2025-09-08 14:38:40,013 [INFO] [SERIAL] <UDC app> ADU connect failed
2025-09-08 14:38:43,540 [INFO] [SERIAL] <serial monitor> <M_ON_C> Elapsed time: 70 seconds.
2025-09-08 14:38:53,575 [INFO] [SERIAL] <serial monitor> <M_ON_C> Elapsed time: 80 seconds.
