2025-09-08 12:02:58,281 [INFO] ==== App start ====
2025-09-08 12:02:58,281 [INFO] Log file: logs\app_20250908-120258.log
2025-09-08 12:03:09,270 [INFO] [SERIAL] [CamA] opened via DSHOW idx=0
2025-09-08 12:03:12,139 [INFO] [SERIAL] [CamB] opened via DSHOW idx=1
2025-09-08 12:03:22,137 [INFO] [SERIAL] <UDC app> Found 7 port(s). Probing with PING…
2025-09-08 12:03:22,171 [INFO] [SERIAL] <UDC app> Probing COM16 | desc='Standard Serial over Bluetooth link (COM16)' loc='None' hwid='BTHENUM\{00001101-0000-1000-8000-00805F9B34FB}_LOCALMFG&0002\7&2064BD9C&0&08EF3B69E9AA_C00000000'
2025-09-08 12:03:27,312 [INFO] [SERIAL] <UDC app> Open/Probe failed on COM16: could not open port 'COM16': OSError(22, 'The semaphore timeout period has expired.', None, 121)
2025-09-08 12:03:27,313 [INFO] [SERIAL] <UDC app> Probing COM19 | desc='Standard Serial over Bluetooth link (COM19)' loc='None' hwid='BTHENUM\{00001101-0000-1000-8000-00805F9B34FB}_LOCALMFG&0002\7&2064BD9C&0&08EF3B69E9AA_C00000001'
2025-09-08 12:03:32,439 [INFO] [SERIAL] <UDC app> Open/Probe failed on COM19: could not open port 'COM19': OSError(22, 'The semaphore timeout period has expired.', None, 121)
2025-09-08 12:03:32,444 [INFO] [SERIAL] <UDC app> Probing COM24 | desc='Standard Serial over Bluetooth link (COM24)' loc='None' hwid='BTHENUM\{00001101-0000-1000-8000-00805F9B34FB}_LOCALMFG&0002\7&2064BD9C&0&08EF3B69E9AA_C00000002'
2025-09-08 12:03:37,574 [INFO] [SERIAL] <UDC app> Open/Probe failed on COM24: could not open port 'COM24': OSError(22, 'The semaphore timeout period has expired.', None, 121)
2025-09-08 12:03:37,577 [INFO] [SERIAL] <UDC app> Probing COM23 | desc='Standard Serial over Bluetooth link (COM23)' loc='None' hwid='BTHENUM\{00001101-0000-1000-8000-00805F9B34FB}_LOCALMFG&0000\7&2064BD9C&0&000000000000_00000000'
2025-09-08 12:03:40,029 [INFO] [SERIAL] <UDC app> Open/Probe failed on COM23: Write timeout
2025-09-08 12:03:40,056 [INFO] [SERIAL] <UDC app> Probing COM17 | desc='Standard Serial over Bluetooth link (COM17)' loc='None' hwid='BTHENUM\{00001101-0000-1000-8000-00805F9B34FB}_LOCALMFG&0000\7&2064BD9C&0&000000000000_00000001'
2025-09-08 12:03:42,479 [INFO] [SERIAL] <UDC app> Open/Probe failed on COM17: Write timeout
2025-09-08 12:03:42,492 [INFO] [SERIAL] <UDC app> Probing COM18 | desc='Standard Serial over Bluetooth link (COM18)' loc='None' hwid='BTHENUM\{00001101-0000-1000-8000-00805F9B34FB}_LOCALMFG&0000\7&2064BD9C&0&000000000000_00000002'
2025-09-08 12:03:44,932 [INFO] [SERIAL] <UDC app> Open/Probe failed on COM18: Write timeout
2025-09-08 12:03:44,936 [INFO] [SERIAL] <UDC app> Probing COM3 | desc='Arduino Uno (COM3)' loc='1-3.1.4' hwid='USB VID:PID=2341:0043 SER=342393135353517120A1 LOCATION=1-3.1.4'
2025-09-08 12:03:47,016 [INFO] [SERIAL] <UDC app> Selected COM3 — PONG RFBOX FW v1.0.0 (Sep  8 2025 11:38:13) [V&V RF_Box num 6] scan
2025-09-08 12:03:47,035 [INFO] [SERIAL] [SCAN] Scan complete. Best: COM3
2025-09-08 12:03:49,175 [INFO] [SERIAL] <UDC app> Serial monitor started on COM3
2025-09-08 12:04:08,724 [INFO] [SERIAL] <serial monitor> Capsule: 0	LD: 45
2025-09-08 12:04:25,879 [INFO] [SERIAL] <UDC app> → C_ON
2025-09-08 12:04:25,906 [INFO] [SERIAL] <serial monitor> Received command: C_ON
2025-09-08 12:04:26,819 [INFO] [SERIAL] <serial monitor> Capsule Servo moved to maxAngle
2025-09-08 12:04:28,755 [INFO] [SERIAL] <serial monitor> Capsule: 45	LD: 45
2025-09-08 12:04:48,787 [INFO] [SERIAL] <serial monitor> Capsule: 45	LD: 45
2025-09-08 12:04:57,021 [INFO] [SERIAL] <UDC app> → C_OFF
2025-09-08 12:04:57,060 [INFO] [SERIAL] <serial monitor> Received command: C_OFF
2025-09-08 12:04:57,967 [INFO] [SERIAL] <serial monitor> Capsule Servo moved to minAngle
2025-09-08 12:04:58,880 [INFO] [SERIAL] <UDC app> → LD_ON
2025-09-08 12:04:58,910 [INFO] [SERIAL] <serial monitor> Received command: LD_ON
2025-09-08 12:04:59,834 [INFO] [SERIAL] <serial monitor> Link Device Servo moved to minAngle
2025-09-08 12:05:02,123 [INFO] [SERIAL] <UDC app> → LD_OFF
2025-09-08 12:05:02,161 [INFO] [SERIAL] <serial monitor> Received command: LD_OFF
2025-09-08 12:05:03,076 [INFO] [SERIAL] <serial monitor> Link Device Servo moved to maxAngle
2025-09-08 12:05:04,777 [INFO] [SERIAL] <UDC app> → M_ON_C
2025-09-08 12:05:04,822 [INFO] [SERIAL] <serial monitor> Received command: M_ON_C
2025-09-08 12:05:04,857 [INFO] [SERIAL] <serial monitor> Constant movement. step delay=20 mSec.
2025-09-08 12:05:09,067 [INFO] [SERIAL] <UDC app> → M_OFF
2025-09-08 12:05:09,115 [INFO] [SERIAL] <serial monitor> Received command: M_ON_CM_OFF
2025-09-08 12:05:09,140 [INFO] [SERIAL] <serial monitor> Unknown command
2025-09-08 12:05:10,073 [INFO] [SERIAL] <UDC app> → VER
2025-09-08 12:05:10,113 [INFO] [SERIAL] <serial monitor> Received command: VER
2025-09-08 12:05:10,186 [INFO] [SERIAL] <serial monitor> Code Version: FW v1.0.0 (Sep  8 2025 11:38:13) [V&V RF_Box num 6]
2025-09-08 12:05:12,755 [INFO] [SERIAL] <UDC app> → HELP
2025-09-08 12:05:12,798 [INFO] [SERIAL] <serial monitor> Received command: HELP
2025-09-08 12:05:12,820 [INFO] [SERIAL] <serial monitor> Available Commands:
2025-09-08 12:05:12,853 [INFO] [SERIAL] <serial monitor> C_ON       - Turn ON the Capsule.
2025-09-08 12:05:12,895 [INFO] [SERIAL] <serial monitor> C_OFF      - Turn OFF the Capsule.
2025-09-08 12:05:12,934 [INFO] [SERIAL] <serial monitor> LD_ON      - Turn ON the Link Device.
2025-09-08 12:05:12,980 [INFO] [SERIAL] <serial monitor> LD_OFF     - Turn OFF the Link Device.
2025-09-08 12:05:13,062 [INFO] [SERIAL] <serial monitor> M_ON_C     - Start constant movement step delay=20 mSec. Stop after 31 days
2025-09-08 12:05:13,139 [INFO] [SERIAL] <serial monitor> M_ON       - Start the stepper motor. MOV=5.4[Sec], STOP=5[Sec]
2025-09-08 12:05:13,170 [INFO] [SERIAL] <serial monitor> M_OFF      - Stop the stepper motor.
2025-09-08 12:05:13,218 [INFO] [SERIAL] <serial monitor> VER        - Print the code version.
2025-09-08 12:05:13,282 [INFO] [SERIAL] <serial monitor> RESET      - Reset the Arduino and stop the stepper motor.
2025-09-08 12:05:13,324 [INFO] [SERIAL] <serial monitor> HELP       - Display this help message.
2025-09-08 12:05:13,387 [INFO] [SERIAL] <serial monitor> PING [txt] - Reply with 'PONG RFBOX <version> [txt]'.
2025-09-08 12:05:14,863 [INFO] [SERIAL] <serial monitor> <M_ON_C> Elapsed time: 10 seconds.
2025-09-08 12:05:23,827 [INFO] [SERIAL] <UDC app> → HELP
2025-09-08 12:05:23,878 [INFO] [SERIAL] <serial monitor> Received command: HELP
2025-09-08 12:05:23,904 [INFO] [SERIAL] <serial monitor> Available Commands:
2025-09-08 12:05:23,939 [INFO] [SERIAL] <serial monitor> C_ON       - Turn ON the Capsule.
2025-09-08 12:05:23,979 [INFO] [SERIAL] <serial monitor> C_OFF      - Turn OFF the Capsule.
2025-09-08 12:05:24,022 [INFO] [SERIAL] <serial monitor> LD_ON      - Turn ON the Link Device.
2025-09-08 12:05:24,071 [INFO] [SERIAL] <serial monitor> LD_OFF     - Turn OFF the Link Device.
2025-09-08 12:05:24,149 [INFO] [SERIAL] <serial monitor> M_ON_C     - Start constant movement step delay=20 mSec. Stop after 31 days
2025-09-08 12:05:24,217 [INFO] [SERIAL] <serial monitor> M_ON       - Start the stepper motor. MOV=5.4[Sec], STOP=5[Sec]
2025-09-08 12:05:24,262 [INFO] [SERIAL] <serial monitor> M_OFF      - Stop the stepper motor.
2025-09-08 12:05:24,303 [INFO] [SERIAL] <serial monitor> VER        - Print the code version.
2025-09-08 12:05:24,367 [INFO] [SERIAL] <serial monitor> RESET      - Reset the Arduino and stop the stepper motor.
2025-09-08 12:05:24,412 [INFO] [SERIAL] <serial monitor> HELP       - Display this help message.
2025-09-08 12:05:24,475 [INFO] [SERIAL] <serial monitor> PING [txt] - Reply with 'PONG RFBOX <version> [txt]'.
2025-09-08 12:05:24,885 [INFO] [SERIAL] <serial monitor> <M_ON_C> Elapsed time: 20 seconds.
2025-09-08 12:05:33,436 [INFO] [SERIAL] <UDC app> Serial monitor started on COM3
2025-09-08 12:05:53,062 [INFO] [SERIAL] <serial monitor> Capsule: 0	LD: 45
2025-09-08 12:06:02,094 [INFO] [SERIAL] <UDC app> → C_ON
2025-09-08 12:06:02,124 [INFO] [SERIAL] <serial monitor> Received command: C_ON
2025-09-08 12:06:03,038 [INFO] [SERIAL] <serial monitor> Capsule Servo moved to maxAngle
2025-09-08 12:06:05,401 [INFO] [SERIAL] <UDC app> → LD_ON
2025-09-08 12:06:05,432 [INFO] [SERIAL] <serial monitor> Received command: LD_ON
2025-09-08 12:06:06,348 [INFO] [SERIAL] <serial monitor> Link Device Servo moved to minAngle
2025-09-08 12:06:13,093 [INFO] [SERIAL] <serial monitor> Capsule: 45	LD: 0
2025-09-08 12:06:15,394 [INFO] [SERIAL] <UDC app> → LD_OFF
2025-09-08 12:06:15,434 [INFO] [SERIAL] <serial monitor> Received command: LD_OFF
2025-09-08 12:06:16,346 [INFO] [SERIAL] <serial monitor> Link Device Servo moved to maxAngle
2025-09-08 12:06:16,379 [INFO] [SERIAL] <UDC app> → C_OFF
2025-09-08 12:06:16,412 [INFO] [SERIAL] <serial monitor> Received command: C_OFF
2025-09-08 12:06:17,325 [INFO] [SERIAL] <serial monitor> Capsule Servo moved to minAngle
2025-09-08 12:06:33,126 [INFO] [SERIAL] <serial monitor> Capsule: 0	LD: 45
2025-09-08 12:06:53,157 [INFO] [SERIAL] <serial monitor> Capsule: 0	LD: 45
2025-09-08 12:06:54,209 [INFO] [SERIAL] [CamB] Recording -> captures\CamB_20250908-120654.mp4
2025-09-08 12:06:56,690 [INFO] [SERIAL] <UDC app> → LD_ON
2025-09-08 12:06:56,722 [INFO] [SERIAL] <serial monitor> Received command: LD_ON
2025-09-08 12:06:57,640 [INFO] [SERIAL] <serial monitor> Link Device Servo moved to minAngle
2025-09-08 12:07:13,188 [INFO] [SERIAL] <serial monitor> Capsule: 0	LD: 0
2025-09-08 12:07:13,955 [INFO] [SERIAL] <UDC app> → LD_OFF
2025-09-08 12:07:13,992 [INFO] [SERIAL] <serial monitor> Received command: LD_OFF
2025-09-08 12:07:14,909 [INFO] [SERIAL] <serial monitor> Link Device Servo moved to maxAngle
2025-09-08 12:07:19,335 [INFO] [SERIAL] [CamB] Recording stopped
2025-09-08 12:07:33,220 [INFO] [SERIAL] <serial monitor> Capsule: 0	LD: 45
2025-09-08 12:07:53,252 [INFO] [SERIAL] <serial monitor> Capsule: 0	LD: 45
2025-09-08 12:08:13,280 [INFO] [SERIAL] <serial monitor> Capsule: 0	LD: 45
2025-09-08 12:08:19,842 [INFO] [SERIAL] <UDC app> → C_ON
2025-09-08 12:08:19,873 [INFO] [SERIAL] <serial monitor> Received command: C_ON
2025-09-08 12:08:20,787 [INFO] [SERIAL] <serial monitor> Capsule Servo moved to maxAngle
2025-09-08 12:08:33,315 [INFO] [SERIAL] <serial monitor> Capsule: 45	LD: 45
2025-09-08 12:08:53,347 [INFO] [SERIAL] <serial monitor> Capsule: 45	LD: 45
